<?xml version="1.0" encoding="UTF-8"?>
<!-- Generated by org.testng.reporters.JUnitReportReporter -->
<testsuite skipped="0" hostname="APLA0008.local" name="com.qa.test.demo.TestDemo" tests="2" failures="0" timestamp="2020-05-05T21:01:09 IST" time="0.016" errors="0">
  <testcase name="mtd2" time="0.003" classname="com.qa.test.demo.TestDemo"/>
  <system-out/>
  <testcase name="mtd1" time="0.013" classname="com.qa.test.demo.TestDemo"/>
  <system-out/>
</testsuite> <!-- com.qa.test.demo.TestDemo -->
